<?xml version="1.0" encoding="UTF-8"?>
<!-- Generated by org.testng.reporters.JUnitReportReporter -->
<testsuite hostname="DESKTOP-11M8V1V" failures="0" tests="1" name="labourAndSocialAffairs.ValidateTitle" time="0.648" errors="0" timestamp="2021-11-28T11:09:05 EET" skipped="0">
  <testcase classname="labourAndSocialAffairs.ValidateTitle" name="validateTitle" time="0.648"/>
  <system-out/>
</testsuite> <!-- labourAndSocialAffairs.ValidateTitle -->
