<?xml version="1.0" encoding="UTF-8"?>
<!-- Generated by org.testng.reporters.JUnitReportReporter -->
<testsuite hostname="DESKTOP-11M8V1V" failures="0" tests="2" name="labourAndSocialAffairs.HomePage" time="45.887" errors="0" timestamp="2021-11-28T11:09:05 EET" skipped="0">
  <testcase classname="labourAndSocialAffairs.HomePage" name="basePageNavigation" time="9.941"/>
  <system-out/>
  <testcase classname="labourAndSocialAffairs.HomePage" name="basePageNavigation" time="35.946"/>
  <system-out/>
</testsuite> <!-- labourAndSocialAffairs.HomePage -->
