<?xml version="1.0" encoding="UTF-8"?>
<!-- Generated by org.testng.reporters.JUnitReportReporter -->
<testsuite hostname="DESKTOP-11M8V1V" failures="0" tests="2" name="cucumberOptions.TestRunner" time="19.131" errors="0" timestamp="2021-11-18T10:38:38 EET" skipped="0">
  <testcase classname="cucumberOptions.TestRunner" name="runScenario" time="9.053"/>
  <system-out/>
  <testcase classname="cucumberOptions.TestRunner" name="runScenario" time="10.078"/>
  <system-out/>
</testsuite> <!-- cucumberOptions.TestRunner -->
