<?xml version="1.0" encoding="UTF-8"?>
<!-- Generated by org.testng.reporters.JUnitReportReporter -->
<testsuite hostname="DESKTOP-11M8V1V" failures="0" tests="1" name="labourAndSocialAffairs.ValidateNavigationBar" time="0.046" errors="0" timestamp="2021-11-03T12:53:17 EET" skipped="0">
  <testcase classname="labourAndSocialAffairs.ValidateNavigationBar" name="validateBar" time="0.046"/>
  <system-out/>
</testsuite> <!-- labourAndSocialAffairs.ValidateNavigationBar -->
