<?xml version="1.0" encoding="UTF-8"?>
<!-- Generated by org.testng.reporters.JUnitReportReporter -->
<testsuite hostname="DESKTOP-11M8V1V" failures="0" tests="2" name="labourAndSocialAffairs.HomePage" time="22.498" errors="0" timestamp="2021-11-03T12:53:17 EET" skipped="0">
  <testcase classname="labourAndSocialAffairs.HomePage" name="basePageNavigation" time="10.839"/>
  <system-out/>
  <testcase classname="labourAndSocialAffairs.HomePage" name="basePageNavigation" time="11.659"/>
  <system-out/>
</testsuite> <!-- labourAndSocialAffairs.HomePage -->
