<?xml version="1.0" encoding="UTF-8"?>
<!-- Generated by org.testng.reporters.JUnitReportReporter -->
<testsuite hostname="DESKTOP-11M8V1V" failures="0" tests="2" name="labourAndSocialAffairs.AppTest" time="0.002" errors="0" timestamp="2021-11-03T12:10:46 EET" skipped="0">
  <testcase classname="labourAndSocialAffairs.AppTest" name="as" time="0.001"/>
  <system-out/>
  <testcase classname="labourAndSocialAffairs.AppTest" name="shouldAnswerWithTrue" time="0.001"/>
  <system-out/>
</testsuite> <!-- labourAndSocialAffairs.AppTest -->
