<?xml version="1.0" encoding="UTF-8"?>
<!-- Generated by org.testng.reporters.JUnitReportReporter -->
<testsuite hostname="DESKTOP-11M8V1V" failures="0" tests="2" name="labourAndSocialAffairs.HomePage" time="24.233" errors="0" timestamp="2021-11-30T11:30:34 EET" skipped="0">
  <testcase classname="labourAndSocialAffairs.HomePage" name="basePageNavigation" time="13.865"/>
  <system-out/>
  <testcase classname="labourAndSocialAffairs.HomePage" name="basePageNavigation" time="10.368"/>
  <system-out/>
</testsuite> <!-- labourAndSocialAffairs.HomePage -->
