<?xml version="1.0" encoding="UTF-8"?>
<!-- Generated by org.testng.reporters.JUnitReportReporter -->
<testsuite hostname="DESKTOP-11M8V1V" failures="0" tests="1" name="labourAndSocialAffairs.ValidateTitle" time="0.563" errors="0" timestamp="2021-11-30T11:30:34 EET" skipped="0">
  <testcase classname="labourAndSocialAffairs.ValidateTitle" name="validateTitle" time="0.563"/>
  <system-out/>
</testsuite> <!-- labourAndSocialAffairs.ValidateTitle -->
