<?xml version="1.0" encoding="UTF-8"?>
<!-- Generated by org.testng.reporters.JUnitReportReporter -->
<testsuite hostname="LAPTOP-MBBTAPI6" failures="0" tests="1" name="labourAndSocialAffairs.ValidateTitle" time="0.066" errors="0" timestamp="2021-11-06T02:15:48 EET" skipped="0">
  <testcase classname="labourAndSocialAffairs.ValidateTitle" name="validateTitle" time="0.066"/>
  <system-out/>
</testsuite> <!-- labourAndSocialAffairs.ValidateTitle -->
