<?xml version="1.0" encoding="UTF-8"?>
<!-- Generated by org.testng.reporters.JUnitReportReporter -->
<testsuite hostname="DESKTOP-11M8V1V" failures="0" tests="2" name="labourAndSocialAffairs.HomePage" time="34.650" errors="0" timestamp="2021-11-03T16:21:35 EET" skipped="0">
  <testcase classname="labourAndSocialAffairs.HomePage" name="basePageNavigation" time="12.229"/>
  <system-out/>
  <testcase classname="labourAndSocialAffairs.HomePage" name="basePageNavigation" time="22.421"/>
  <system-out/>
</testsuite> <!-- labourAndSocialAffairs.HomePage -->
