<?xml version="1.0" encoding="UTF-8"?>
<!-- Generated by org.testng.reporters.JUnitReportReporter -->
<testsuite hostname="LAPTOP-MBBTAPI6" failures="0" tests="2" name="labourAndSocialAffairs.HomePage" time="22.582" errors="0" timestamp="2021-11-06T02:15:48 EET" skipped="0">
  <testcase classname="labourAndSocialAffairs.HomePage" name="basePageNavigation" time="11.524"/>
  <system-out/>
  <testcase classname="labourAndSocialAffairs.HomePage" name="basePageNavigation" time="11.058"/>
  <system-out/>
</testsuite> <!-- labourAndSocialAffairs.HomePage -->
